# JRE version: OpenJDK Runtime Environment Temurin-21.0.11+10 (21.0.11+10) (build 21.0.11+10-LTS)
# Java VM: OpenJDK 64-Bit Server VM Temurin-21.0.11+10 (21.0.11+10-LTS, mixed mode, sharing, tiered, compressed oops, compressed class ptrs, parallel gc, windows-amd64)
GC Precious Log:
 CardTable entry size: 512
 CPUs: 12 total, 12 available
 Memory: 16068M
 Large Page Support: Disabled
 NUMA Support: Disabled
 Compressed Oops: Enabled (Zero based)
 Alignments: Space 512K, Generation 512K, Heap 2M
 Heap Min Capacity: 100M
 Heap Initial Capacity: 100M
 Heap Max Capacity: 4G
 Pre-touch: Disabled
 Parallel Workers: 10
Heap:
 PSYoungGen      total 12800K, used 9192K [0x00000007aab00000, 0x00000007abe80000, 0x0000000800000000)
  eden space 10752K, 69% used [0x00000007aab00000,0x00000007ab24a298,0x00000007ab580000)
  from space 2048K, 84% used [0x00000007abc80000,0x00000007abe300a8,0x00000007abe80000)
  to   space 3584K, 0% used [0x00000007ab780000,0x00000007ab780000,0x00000007abb00000)
 ParOldGen       total 1844736K, used 1709568K [0x0000000700000000, 0x0000000770980000, 0x00000007aab00000)
  object space 1844736K, 92% used [0x0000000700000000,0x00000007685802c0,0x0000000770980000)
 Metaspace       used 85657K, committed 87168K, reserved 1179648K
  class space    used 9091K, committed 9728K, reserved 1048576K
GC Heap History (20 events):
Event: 139.202 GC heap before
{Heap before GC invocations=8225 (full 6):
 PSYoungGen      total 13312K, used 12848K [0x00000007aab00000, 0x00000007abc00000, 0x0000000800000000)
  eden space 11264K, 100% used [0x00000007aab00000,0x00000007ab600000,0x00000007ab600000)
  from space 2048K, 77% used [0x00000007aba00000,0x00000007abb8c020,0x00000007abc00000)
  to   space 2560K, 0% used [0x00000007ab700000,0x00000007ab700000,0x00000007ab980000)
 ParOldGen       total 1844736K, used 1686939K [0x0000000700000000, 0x0000000770980000, 0x00000007aab00000)
  object space 1844736K, 91% used [0x0000000700000000,0x0000000766f66e40,0x0000000770980000)
 Metaspace       used 85603K, committed 87104K, reserved 1179648K
  class space    used 9091K, committed 9728K, reserved 1048576K
}
Event: 139.207 GC heap after
{Heap after GC invocations=8225 (full 6):
 PSYoungGen      total 13312K, used 1904K [0x00000007aab00000, 0x00000007aba80000, 0x0000000800000000)
  eden space 11264K, 0% used [0x00000007aab00000,0x00000007aab00000,0x00000007ab600000)
  from space 2048K, 92% used [0x00000007ab700000,0x00000007ab8dc030,0x00000007ab900000)
  to   space 1536K, 0% used [0x00000007ab900000,0x00000007ab900000,0x00000007aba80000)
 ParOldGen       total 1844736K, used 1688295K [0x0000000700000000, 0x0000000770980000, 0x00000007aab00000)
  object space 1844736K, 91% used [0x0000000700000000,0x00000007670b9f20,0x0000000770980000)
 Metaspace       used 85603K, committed 87104K, reserved 1179648K
  class space    used 9091K, committed 9728K, reserved 1048576K
}
Event: 139.243 GC heap before
{Heap before GC invocations=8226 (full 6):
 PSYoungGen      total 13312K, used 13168K [0x00000007aab00000, 0x00000007aba80000, 0x0000000800000000)
  eden space 11264K, 100% used [0x00000007aab00000,0x00000007ab600000,0x00000007ab600000)
  from space 2048K, 92% used [0x00000007ab700000,0x00000007ab8dc030,0x00000007ab900000)
  to   space 1536K, 0% used [0x00000007ab900000,0x00000007ab900000,0x00000007aba80000)
 ParOldGen       total 1844736K, used 1688295K [0x0000000700000000, 0x0000000770980000, 0x00000007aab00000)
  object space 1844736K, 91% used [0x0000000700000000,0x00000007670b9f20,0x0000000770980000)
 Metaspace       used 85603K, committed 87104K, reserved 1179648K
  class space    used 9091K, committed 9728K, reserved 1048576K
}
Event: 139.248 GC heap after
{Heap after GC invocations=8226 (full 6):
 PSYoungGen      total 12288K, used 1520K [0x00000007aab00000, 0x00000007abd00000, 0x0000000800000000)
  eden space 10752K, 0% used [0x00000007aab00000,0x00000007aab00000,0x00000007ab580000)
  from space 1536K, 98% used [0x00000007ab900000,0x00000007aba7c030,0x00000007aba80000)
  to   space 3584K, 0% used [0x00000007ab580000,0x00000007ab580000,0x00000007ab900000)
 ParOldGen       total 1844736K, used 1690070K [0x0000000700000000, 0x0000000770980000, 0x00000007aab00000)
  object space 1844736K, 91% used [0x0000000700000000,0x0000000767275aa0,0x0000000770980000)
 Metaspace       used 85603K, committed 87104K, reserved 1179648K
  class space    used 9091K, committed 9728K, reserved 1048576K
}
Event: 139.283 GC heap before
{Heap before GC invocations=8227 (full 6):
 PSYoungGen      total 12288K, used 12272K [0x00000007aab00000, 0x00000007abd00000, 0x0000000800000000)
  eden space 10752K, 100% used [0x00000007aab00000,0x00000007ab580000,0x00000007ab580000)
  from space 1536K, 98% used [0x00000007ab900000,0x00000007aba7c030,0x00000007aba80000)
  to   space 3584K, 0% used [0x00000007ab580000,0x00000007ab580000,0x00000007ab900000)
 ParOldGen       total 1844736K, used 1690071K [0x0000000700000000, 0x0000000770980000, 0x00000007aab00000)
  object space 1844736K, 91% used [0x0000000700000000,0x0000000767275c60,0x0000000770980000)
 Metaspace       used 85603K, committed 87104K, reserved 1179648K
  class space    used 9091K, committed 9728K, reserved 1048576K
}
Event: 139.287 GC heap after
{Heap after GC invocations=8227 (full 6):
 PSYoungGen      total 12800K, used 1616K [0x00000007aab00000, 0x00000007abb00000, 0x0000000800000000)
  eden space 10752K, 0% used [0x00000007aab00000,0x00000007aab00000,0x00000007ab580000)
  from space 2048K, 78% used [0x00000007ab580000,0x00000007ab714010,0x00000007ab780000)
  to   space 2560K, 0% used [0x00000007ab880000,0x00000007ab880000,0x00000007abb00000)
 ParOldGen       total 1844736K, used 1691519K [0x0000000700000000, 0x0000000770980000, 0x00000007aab00000)
  object space 1844736K, 91% used [0x0000000700000000,0x00000007673dfcf0,0x0000000770980000)
 Metaspace       used 85603K, committed 87104K, reserved 1179648K
  class space    used 9091K, committed 9728K, reserved 1048576K
}
Event: 139.385 GC heap before
{Heap before GC invocations=8228 (full 6):
 PSYoungGen      total 12800K, used 12368K [0x00000007aab00000, 0x00000007abb00000, 0x0000000800000000)
  eden space 10752K, 100% used [0x00000007aab00000,0x00000007ab580000,0x00000007ab580000)
  from space 2048K, 78% used [0x00000007ab580000,0x00000007ab714010,0x00000007ab780000)
  to   space 2560K, 0% used [0x00000007ab880000,0x00000007ab880000,0x00000007abb00000)
 ParOldGen       total 1844736K, used 1691849K [0x0000000700000000, 0x0000000770980000, 0x00000007aab00000)
  object space 1844736K, 91% used [0x0000000700000000,0x0000000767432630,0x0000000770980000)
 Metaspace       used 85603K, committed 87104K, reserved 1179648K
  class space    used 9091K, committed 9728K, reserved 1048576K
}
Event: 139.387 GC heap after
{Heap after GC invocations=8228 (full 6):
 PSYoungGen      total 13312K, used 2268K [0x00000007aab00000, 0x00000007abb00000, 0x0000000800000000)
  eden space 10752K, 0% used [0x00000007aab00000,0x00000007aab00000,0x00000007ab580000)
  from space 2560K, 88% used [0x00000007ab880000,0x00000007abab7118,0x00000007abb00000)
  to   space 2560K, 0% used [0x00000007ab600000,0x00000007ab600000,0x00000007ab880000)
 ParOldGen       total 1844736K, used 1693297K [0x0000000700000000, 0x0000000770980000, 0x00000007aab00000)
  object space 1844736K, 91% used [0x0000000700000000,0x000000076759c710,0x0000000770980000)
 Metaspace       used 85603K, committed 87104K, reserved 1179648K
  class space    used 9091K, committed 9728K, reserved 1048576K
}
Event: 139.612 GC heap before
{Heap before GC invocations=8229 (full 6):
 PSYoungGen      total 13312K, used 12953K [0x00000007aab00000, 0x00000007abb00000, 0x0000000800000000)
  eden space 10752K, 99% used [0x00000007aab00000,0x00000007ab56f580,0x00000007ab580000)
  from space 2560K, 88% used [0x00000007ab880000,0x00000007abab7118,0x00000007abb00000)
  to   space 2560K, 0% used [0x00000007ab600000,0x00000007ab600000,0x00000007ab880000)
 ParOldGen       total 1844736K, used 1693297K [0x0000000700000000, 0x0000000770980000, 0x00000007aab00000)
  object space 1844736K, 91% used [0x0000000700000000,0x000000076759c710,0x0000000770980000)
 Metaspace       used 85603K, committed 87104K, reserved 1179648K
  class space    used 9091K, committed 9728K, reserved 1048576K
}
Event: 139.616 GC heap after
{Heap after GC invocations=8229 (full 6):
 PSYoungGen      total 13312K, used 2547K [0x00000007aab00000, 0x00000007acd80000, 0x0000000800000000)
  eden space 10752K, 0% used [0x00000007aab00000,0x00000007aab00000,0x00000007ab580000)
  from space 2560K, 99% used [0x00000007ab600000,0x00000007ab87cfb0,0x00000007ab880000)
  to   space 12288K, 0% used [0x00000007ac180000,0x00000007ac180000,0x00000007acd80000)
 ParOldGen       total 1844736K, used 1701285K [0x0000000700000000, 0x0000000770980000, 0x00000007aab00000)
  object space 1844736K, 92% used [0x0000000700000000,0x0000000767d69678,0x0000000770980000)
 Metaspace       used 85603K, committed 87104K, reserved 1179648K
  class space    used 9091K, committed 9728K, reserved 1048576K
}
Event: 139.897 GC heap before
{Heap before GC invocations=8230 (full 6):
 PSYoungGen      total 13312K, used 13299K [0x00000007aab00000, 0x00000007acd80000, 0x0000000800000000)
  eden space 10752K, 100% used [0x00000007aab00000,0x00000007ab580000,0x00000007ab580000)
  from space 2560K, 99% used [0x00000007ab600000,0x00000007ab87cfb0,0x00000007ab880000)
  to   space 12288K, 0% used [0x00000007ac180000,0x00000007ac180000,0x00000007acd80000)
 ParOldGen       total 1844736K, used 1701285K [0x0000000700000000, 0x0000000770980000, 0x00000007aab00000)
  object space 1844736K, 92% used [0x0000000700000000,0x0000000767d69678,0x0000000770980000)
 Metaspace       used 85603K, committed 87104K, reserved 1179648K
  class space    used 9091K, committed 9728K, reserved 1048576K
}
Event: 139.900 GC heap after
{Heap after GC invocations=8230 (full 6):
 PSYoungGen      total 20992K, used 9968K [0x00000007aab00000, 0x00000007acb80000, 0x0000000800000000)
  eden space 10752K, 0% used [0x00000007aab00000,0x00000007aab00000,0x00000007ab580000)
  from space 10240K, 97% used [0x00000007ac180000,0x00000007acb3c088,0x00000007acb80000)
  to   space 10240K, 0% used [0x00000007ab780000,0x00000007ab780000,0x00000007ac180000)
 ParOldGen       total 1844736K, used 1703826K [0x0000000700000000, 0x0000000770980000, 0x00000007aab00000)
  object space 1844736K, 92% used [0x0000000700000000,0x0000000767fe4850,0x0000000770980000)
 Metaspace       used 85603K, committed 87104K, reserved 1179648K
  class space    used 9091K, committed 9728K, reserved 1048576K
}
Event: 139.947 GC heap before
{Heap before GC invocations=8231 (full 6):
 PSYoungGen      total 20992K, used 20720K [0x00000007aab00000, 0x00000007acb80000, 0x0000000800000000)
  eden space 10752K, 100% used [0x00000007aab00000,0x00000007ab580000,0x00000007ab580000)
  from space 10240K, 97% used [0x00000007ac180000,0x00000007acb3c088,0x00000007acb80000)
  to   space 10240K, 0% used [0x00000007ab780000,0x00000007ab780000,0x00000007ac180000)
 ParOldGen       total 1844736K, used 1703826K [0x0000000700000000, 0x0000000770980000, 0x00000007aab00000)
  object space 1844736K, 92% used [0x0000000700000000,0x0000000767fe4850,0x0000000770980000)
 Metaspace       used 85605K, committed 87104K, reserved 1179648K
  class space    used 9091K, committed 9728K, reserved 1048576K
}
Event: 139.951 GC heap after
{Heap after GC invocations=8231 (full 6):
 PSYoungGen      total 11776K, used 864K [0x00000007aab00000, 0x00000007ac200000, 0x0000000800000000)
  eden space 10752K, 0% used [0x00000007aab00000,0x00000007aab00000,0x00000007ab580000)
  from space 1024K, 84% used [0x00000007ab780000,0x00000007ab858000,0x00000007ab880000)
  to   space 4608K, 0% used [0x00000007abd80000,0x00000007abd80000,0x00000007ac200000)
 ParOldGen       total 1844736K, used 1704186K [0x0000000700000000, 0x0000000770980000, 0x00000007aab00000)
  object space 1844736K, 92% used [0x0000000700000000,0x000000076803e850,0x0000000770980000)
 Metaspace       used 85605K, committed 87104K, reserved 1179648K
  class space    used 9091K, committed 9728K, reserved 1048576K
}
Event: 139.987 GC heap before
{Heap before GC invocations=8232 (full 6):
 PSYoungGen      total 11776K, used 11616K [0x00000007aab00000, 0x00000007ac200000, 0x0000000800000000)
  eden space 10752K, 100% used [0x00000007aab00000,0x00000007ab580000,0x00000007ab580000)
  from space 1024K, 84% used [0x00000007ab780000,0x00000007ab858000,0x00000007ab880000)
  to   space 4608K, 0% used [0x00000007abd80000,0x00000007abd80000,0x00000007ac200000)
 ParOldGen       total 1844736K, used 1704186K [0x0000000700000000, 0x0000000770980000, 0x00000007aab00000)
  object space 1844736K, 92% used [0x0000000700000000,0x000000076803e850,0x0000000770980000)
 Metaspace       used 85632K, committed 87168K, reserved 1179648K
  class space    used 9091K, committed 9728K, reserved 1048576K
}
Event: 139.989 GC heap after
{Heap after GC invocations=8232 (full 6):
 PSYoungGen      total 11264K, used 320K [0x00000007aab00000, 0x00000007abe00000, 0x0000000800000000)
  eden space 10752K, 0% used [0x00000007aab00000,0x00000007aab00000,0x00000007ab580000)
  from space 512K, 62% used [0x00000007abd80000,0x00000007abdd0000,0x00000007abe00000)
  to   space 1536K, 0% used [0x00000007abb00000,0x00000007abb00000,0x00000007abc80000)
 ParOldGen       total 1844736K, used 1704792K [0x0000000700000000, 0x0000000770980000, 0x00000007aab00000)
  object space 1844736K, 92% used [0x0000000700000000,0x00000007680d62c0,0x0000000770980000)
 Metaspace       used 85632K, committed 87168K, reserved 1179648K
  class space    used 9091K, committed 9728K, reserved 1048576K
}
Event: 140.033 GC heap before
{Heap before GC invocations=8233 (full 6):
 PSYoungGen      total 11264K, used 11072K [0x00000007aab00000, 0x00000007abe00000, 0x0000000800000000)
  eden space 10752K, 100% used [0x00000007aab00000,0x00000007ab580000,0x00000007ab580000)
  from space 512K, 62% used [0x00000007abd80000,0x00000007abdd0000,0x00000007abe00000)
  to   space 1536K, 0% used [0x00000007abb00000,0x00000007abb00000,0x00000007abc80000)
 ParOldGen       total 1844736K, used 1704792K [0x0000000700000000, 0x0000000770980000, 0x00000007aab00000)
  object space 1844736K, 92% used [0x0000000700000000,0x00000007680d62c0,0x0000000770980000)
 Metaspace       used 85633K, committed 87168K, reserved 1179648K
  class space    used 9091K, committed 9728K, reserved 1048576K
}
Event: 140.038 GC heap after
{Heap after GC invocations=8233 (full 6):
 PSYoungGen      total 12288K, used 1536K [0x00000007aab00000, 0x00000007ac280000, 0x0000000800000000)
  eden space 10752K, 0% used [0x00000007aab00000,0x00000007aab00000,0x00000007ab580000)
  from space 1536K, 100% used [0x00000007abb00000,0x00000007abc80000,0x00000007abc80000)
  to   space 6144K, 0% used [0x00000007abc80000,0x00000007abc80000,0x00000007ac280000)
 ParOldGen       total 1844736K, used 1708736K [0x0000000700000000, 0x0000000770980000, 0x00000007aab00000)
  object space 1844736K, 92% used [0x0000000700000000,0x00000007684b02c0,0x0000000770980000)
 Metaspace       used 85633K, committed 87168K, reserved 1179648K
  class space    used 9091K, committed 9728K, reserved 1048576K
}
Event: 140.052 GC heap before
{Heap before GC invocations=8234 (full 6):
 PSYoungGen      total 12288K, used 12288K [0x00000007aab00000, 0x00000007ac280000, 0x0000000800000000)
  eden space 10752K, 100% used [0x00000007aab00000,0x00000007ab580000,0x00000007ab580000)
  from space 1536K, 100% used [0x00000007abb00000,0x00000007abc80000,0x00000007abc80000)
  to   space 6144K, 0% used [0x00000007abc80000,0x00000007abc80000,0x00000007ac280000)
 ParOldGen       total 1844736K, used 1708736K [0x0000000700000000, 0x0000000770980000, 0x00000007aab00000)
  object space 1844736K, 92% used [0x0000000700000000,0x00000007684b02c0,0x0000000770980000)
 Metaspace       used 85633K, committed 87168K, reserved 1179648K
  class space    used 9091K, committed 9728K, reserved 1048576K
}
Event: 140.056 GC heap after
{Heap after GC invocations=8234 (full 6):
 PSYoungGen      total 12800K, used 1728K [0x00000007aab00000, 0x00000007abe80000, 0x0000000800000000)
  eden space 10752K, 0% used [0x00000007aab00000,0x00000007aab00000,0x00000007ab580000)
  from space 2048K, 84% used [0x00000007abc80000,0x00000007abe300a8,0x00000007abe80000)
  to   space 3584K, 0% used [0x00000007ab780000,0x00000007ab780000,0x00000007abb00000)
 ParOldGen       total 1844736K, used 1709568K [0x0000000700000000, 0x0000000770980000, 0x00000007aab00000)
  object space 1844736K, 92% used [0x0000000700000000,0x00000007685802c0,0x0000000770980000)
 Metaspace       used 85633K, committed 87168K, reserved 1179648K
  class space    used 9091K, committed 9728K, reserved 1048576K
}

