# JRE version: OpenJDK Runtime Environment Temurin-21.0.11+10 (21.0.11+10) (build 21.0.11+10-LTS)
# Java VM: OpenJDK 64-Bit Server VM Temurin-21.0.11+10 (21.0.11+10-LTS, mixed mode, sharing, tiered, compressed oops, compressed class ptrs, g1 gc, windows-amd64)
GC Precious Log:
 CardTable entry size: 512
 Card Set container configuration: InlinePtr #cards 4 size 8 Array Of Cards #cards 16 size 48 Howl #buckets 8 coarsen threshold 3686 Howl Bitmap #cards 512 size 80 coarsen threshold 460 Card regions per heap region 1 cards per card region 4096
 CPUs: 12 total, 12 available
 Memory: 16068M
 Large Page Support: Disabled
 NUMA Support: Disabled
 Compressed Oops: Enabled (Zero based)
 Heap Region Size: 2M
 Heap Min Capacity: 8M
 Heap Initial Capacity: 252M
 Heap Max Capacity: 4G
 Pre-touch: Disabled
 Parallel Workers: 10
 Concurrent Workers: 3
 Concurrent Refinement Workers: 10
 Periodic GC: Disabled
Heap:
 garbage-first heap   total 108544K, used 44560K [0x0000000700000000, 0x0000000800000000)
  region size 2048K, 14 young (28672K), 5 survivors (10240K)
 Metaspace       used 31153K, committed 32384K, reserved 917504K
  class space    used 4798K, committed 5376K, reserved 851968K
GC Heap History (10 events):
Event: 0.599 GC heap before
{Heap before GC invocations=0 (full 0):
 garbage-first heap   total 258048K, used 20480K [0x0000000700000000, 0x0000000800000000)
  region size 2048K, 11 young (22528K), 0 survivors (0K)
 Metaspace       used 1053K, committed 1152K, reserved 917504K
  class space    used 81K, committed 128K, reserved 851968K
}
Event: 0.602 GC heap after
{Heap after GC invocations=1 (full 0):
 garbage-first heap   total 258048K, used 2041K [0x0000000700000000, 0x0000000800000000)
  region size 2048K, 1 young (2048K), 1 survivors (2048K)
 Metaspace       used 1053K, committed 1152K, reserved 917504K
  class space    used 81K, committed 128K, reserved 851968K
}
Event: 1.699 GC heap before
{Heap before GC invocations=1 (full 0):
 garbage-first heap   total 258048K, used 47097K [0x0000000700000000, 0x0000000800000000)
  region size 2048K, 21 young (43008K), 1 survivors (2048K)
 Metaspace       used 4387K, committed 4544K, reserved 917504K
  class space    used 554K, committed 640K, reserved 851968K
}
Event: 1.703 GC heap after
{Heap after GC invocations=2 (full 0):
 garbage-first heap   total 258048K, used 11394K [0x0000000700000000, 0x0000000800000000)
  region size 2048K, 3 young (6144K), 3 survivors (6144K)
 Metaspace       used 4387K, committed 4544K, reserved 917504K
  class space    used 554K, committed 640K, reserved 851968K
}
Event: 2.853 GC heap before
{Heap before GC invocations=2 (full 0):
 garbage-first heap   total 258048K, used 64642K [0x0000000700000000, 0x0000000800000000)
  region size 2048K, 29 young (59392K), 3 survivors (6144K)
 Metaspace       used 7640K, committed 8000K, reserved 917504K
  class space    used 1047K, committed 1216K, reserved 851968K
}
Event: 2.861 GC heap after
{Heap after GC invocations=3 (full 0):
 garbage-first heap   total 258048K, used 18662K [0x0000000700000000, 0x0000000800000000)
  region size 2048K, 4 young (8192K), 4 survivors (8192K)
 Metaspace       used 7640K, committed 8000K, reserved 917504K
  class space    used 1047K, committed 1216K, reserved 851968K
}
Event: 5.192 GC heap before
{Heap before GC invocations=3 (full 0):
 garbage-first heap   total 258048K, used 102630K [0x0000000700000000, 0x0000000800000000)
  region size 2048K, 46 young (94208K), 4 survivors (8192K)
 Metaspace       used 20781K, committed 21504K, reserved 917504K
  class space    used 3076K, committed 3456K, reserved 851968K
}
Event: 5.201 GC heap after
{Heap after GC invocations=4 (full 0):
 garbage-first heap   total 258048K, used 24759K [0x0000000700000000, 0x0000000800000000)
  region size 2048K, 7 young (14336K), 7 survivors (14336K)
 Metaspace       used 20781K, committed 21504K, reserved 917504K
  class space    used 3076K, committed 3456K, reserved 851968K
}
Event: 6.605 GC heap before
{Heap before GC invocations=5 (full 0):
 garbage-first heap   total 90112K, used 88247K [0x0000000700000000, 0x0000000800000000)
  region size 2048K, 38 young (77824K), 7 survivors (14336K)
 Metaspace       used 28620K, committed 29824K, reserved 917504K
  class space    used 4379K, committed 4992K, reserved 851968K
}
Event: 6.613 GC heap after
{Heap after GC invocations=6 (full 0):
 garbage-first heap   total 108544K, used 28176K [0x0000000700000000, 0x0000000800000000)
  region size 2048K, 5 young (10240K), 5 survivors (10240K)
 Metaspace       used 28620K, committed 29824K, reserved 917504K
  class space    used 4379K, committed 4992K, reserved 851968K
}

