# JRE version: OpenJDK Runtime Environment Temurin-21.0.11+10 (21.0.11+10) (build 21.0.11+10-LTS)
# Java VM: OpenJDK 64-Bit Server VM Temurin-21.0.11+10 (21.0.11+10-LTS, mixed mode, sharing, tiered, compressed oops, compressed class ptrs, g1 gc, windows-amd64)
GC Precious Log:
 CardTable entry size: 512
 Card Set container configuration: InlinePtr #cards 4 size 8 Array Of Cards #cards 16 size 48 Howl #buckets 8 coarsen threshold 3686 Howl Bitmap #cards 512 size 80 coarsen threshold 460 Card regions per heap region 1 cards per card region 4096
 CPUs: 12 total, 12 available
 Memory: 16068M
 Large Page Support: Disabled
 NUMA Support: Disabled
 Compressed Oops: Enabled (Zero based)
 Heap Region Size: 2M
 Heap Min Capacity: 8M
 Heap Initial Capacity: 252M
 Heap Max Capacity: 4G
 Pre-touch: Disabled
 Parallel Workers: 10
 Concurrent Workers: 3
 Concurrent Refinement Workers: 10
 Periodic GC: Disabled
Heap:
 garbage-first heap   total 258048K, used 70193K [0x0000000700000000, 0x0000000800000000)
  region size 2048K, 30 young (61440K), 4 survivors (8192K)
 Metaspace       used 17164K, committed 17664K, reserved 917504K
  class space    used 2442K, committed 2688K, reserved 851968K
GC Heap History (6 events):
Event: 3.026 GC heap before
{Heap before GC invocations=0 (full 0):
 garbage-first heap   total 258048K, used 22528K [0x0000000700000000, 0x0000000800000000)
  region size 2048K, 11 young (22528K), 0 survivors (0K)
 Metaspace       used 1061K, committed 1152K, reserved 917504K
  class space    used 81K, committed 128K, reserved 851968K
}
Event: 3.028 GC heap after
{Heap after GC invocations=1 (full 0):
 garbage-first heap   total 258048K, used 2314K [0x0000000700000000, 0x0000000800000000)
  region size 2048K, 2 young (4096K), 2 survivors (4096K)
 Metaspace       used 1061K, committed 1152K, reserved 917504K
  class space    used 81K, committed 128K, reserved 851968K
}
Event: 4.365 GC heap before
{Heap before GC invocations=1 (full 0):
 garbage-first heap   total 258048K, used 47370K [0x0000000700000000, 0x0000000800000000)
  region size 2048K, 23 young (47104K), 2 survivors (4096K)
 Metaspace       used 4386K, committed 4544K, reserved 917504K
  class space    used 551K, committed 640K, reserved 851968K
}
Event: 4.370 GC heap after
{Heap after GC invocations=2 (full 0):
 garbage-first heap   total 258048K, used 11463K [0x0000000700000000, 0x0000000800000000)
  region size 2048K, 3 young (6144K), 3 survivors (6144K)
 Metaspace       used 4386K, committed 4544K, reserved 917504K
  class space    used 551K, committed 640K, reserved 851968K
}
Event: 5.455 GC heap before
{Heap before GC invocations=2 (full 0):
 garbage-first heap   total 258048K, used 62663K [0x0000000700000000, 0x0000000800000000)
  region size 2048K, 29 young (59392K), 3 survivors (6144K)
 Metaspace       used 8570K, committed 8960K, reserved 917504K
  class space    used 1173K, committed 1344K, reserved 851968K
}
Event: 5.466 GC heap after
{Heap after GC invocations=3 (full 0):
 garbage-first heap   total 258048K, used 18993K [0x0000000700000000, 0x0000000800000000)
  region size 2048K, 4 young (8192K), 4 survivors (8192K)
 Metaspace       used 8570K, committed 8960K, reserved 917504K
  class space    used 1173K, committed 1344K, reserved 851968K
}

