# JRE version: OpenJDK Runtime Environment Temurin-21.0.11+10 (21.0.11+10) (build 21.0.11+10-LTS)
# Java VM: OpenJDK 64-Bit Server VM Temurin-21.0.11+10 (21.0.11+10-LTS, mixed mode, sharing, tiered, compressed oops, compressed class ptrs, parallel gc, windows-amd64)
GC Precious Log:
 CardTable entry size: 512
 CPUs: 12 total, 12 available
 Memory: 16068M
 Large Page Support: Disabled
 NUMA Support: Disabled
 Compressed Oops: Enabled (Zero based)
 Alignments: Space 512K, Generation 512K, Heap 2M
 Heap Min Capacity: 100M
 Heap Initial Capacity: 100M
 Heap Max Capacity: 4G
 Pre-touch: Disabled
 Parallel Workers: 10
Heap:
 PSYoungGen      total 2560K, used 1381K [0x00000007aab00000, 0x00000007aae80000, 0x0000000800000000)
  eden space 1536K, 31% used [0x00000007aab00000,0x00000007aab79830,0x00000007aac80000)
  from space 1024K, 87% used [0x00000007aad80000,0x00000007aae5fc40,0x00000007aae80000)
  to   space 1024K, 0% used [0x00000007aac80000,0x00000007aac80000,0x00000007aad80000)
 ParOldGen       total 264704K, used 264206K [0x0000000700000000, 0x0000000710280000, 0x00000007aab00000)
  object space 264704K, 99% used [0x0000000700000000,0x0000000710203b70,0x0000000710280000)
 Metaspace       used 82920K, committed 84608K, reserved 1179648K
  class space    used 8887K, committed 9664K, reserved 1048576K
GC Heap History (20 events):
Event: 956.330 GC heap after
{Heap after GC invocations=3363 (full 7):
 PSYoungGen      total 2048K, used 428K [0x00000007aab00000, 0x00000007aad80000, 0x0000000800000000)
  eden space 1024K, 0% used [0x00000007aab00000,0x00000007aab00000,0x00000007aac00000)
  from space 1024K, 41% used [0x00000007aac00000,0x00000007aac6b128,0x00000007aad00000)
  to   space 512K, 0% used [0x00000007aad00000,0x00000007aad00000,0x00000007aad80000)
 ParOldGen       total 261632K, used 261406K [0x0000000700000000, 0x000000070ff80000, 0x00000007aab00000)
  object space 261632K, 99% used [0x0000000700000000,0x000000070ff47b40,0x000000070ff80000)
 Metaspace       used 82910K, committed 84544K, reserved 1179648K
  class space    used 8887K, committed 9664K, reserved 1048576K
}
Event: 956.354 GC heap before
{Heap before GC invocations=3364 (full 7):
 PSYoungGen      total 2048K, used 1452K [0x00000007aab00000, 0x00000007aad80000, 0x0000000800000000)
  eden space 1024K, 100% used [0x00000007aab00000,0x00000007aac00000,0x00000007aac00000)
  from space 1024K, 41% used [0x00000007aac00000,0x00000007aac6b128,0x00000007aad00000)
  to   space 512K, 0% used [0x00000007aad00000,0x00000007aad00000,0x00000007aad80000)
 ParOldGen       total 261632K, used 261406K [0x0000000700000000, 0x000000070ff80000, 0x00000007aab00000)
  object space 261632K, 99% used [0x0000000700000000,0x000000070ff47b40,0x000000070ff80000)
 Metaspace       used 82910K, committed 84544K, reserved 1179648K
  class space    used 8887K, committed 9664K, reserved 1048576K
}
Event: 956.355 GC heap after
{Heap after GC invocations=3364 (full 7):
 PSYoungGen      total 1536K, used 384K [0x00000007aab00000, 0x00000007aad80000, 0x0000000800000000)
  eden space 1024K, 0% used [0x00000007aab00000,0x00000007aab00000,0x00000007aac00000)
  from space 512K, 75% used [0x00000007aad00000,0x00000007aad60000,0x00000007aad80000)
  to   space 512K, 0% used [0x00000007aac80000,0x00000007aac80000,0x00000007aad00000)
 ParOldGen       total 261632K, used 261569K [0x0000000700000000, 0x000000070ff80000, 0x00000007aab00000)
  object space 261632K, 99% used [0x0000000700000000,0x000000070ff70748,0x000000070ff80000)
 Metaspace       used 82910K, committed 84544K, reserved 1179648K
  class space    used 8887K, committed 9664K, reserved 1048576K
}
Event: 956.417 GC heap before
{Heap before GC invocations=3365 (full 7):
 PSYoungGen      total 1536K, used 1371K [0x00000007aab00000, 0x00000007aad80000, 0x0000000800000000)
  eden space 1024K, 96% used [0x00000007aab00000,0x00000007aabf6fa0,0x00000007aac00000)
  from space 512K, 75% used [0x00000007aad00000,0x00000007aad60000,0x00000007aad80000)
  to   space 512K, 0% used [0x00000007aac80000,0x00000007aac80000,0x00000007aad00000)
 ParOldGen       total 261632K, used 261569K [0x0000000700000000, 0x000000070ff80000, 0x00000007aab00000)
  object space 261632K, 99% used [0x0000000700000000,0x000000070ff70748,0x000000070ff80000)
 Metaspace       used 82920K, committed 84608K, reserved 1179648K
  class space    used 8887K, committed 9664K, reserved 1048576K
}
Event: 956.419 GC heap after
{Heap after GC invocations=3365 (full 7):
 PSYoungGen      total 1536K, used 288K [0x00000007aab00000, 0x00000007aad80000, 0x0000000800000000)
  eden space 1024K, 0% used [0x00000007aab00000,0x00000007aab00000,0x00000007aac00000)
  from space 512K, 56% used [0x00000007aac80000,0x00000007aacc8000,0x00000007aad00000)
  to   space 512K, 0% used [0x00000007aad00000,0x00000007aad00000,0x00000007aad80000)
 ParOldGen       total 262144K, used 261729K [0x0000000700000000, 0x0000000710000000, 0x00000007aab00000)
  object space 262144K, 99% used [0x0000000700000000,0x000000070ff98748,0x0000000710000000)
 Metaspace       used 82920K, committed 84608K, reserved 1179648K
  class space    used 8887K, committed 9664K, reserved 1048576K
}
Event: 956.426 GC heap before
{Heap before GC invocations=3366 (full 7):
 PSYoungGen      total 1536K, used 1312K [0x00000007aab00000, 0x00000007aad80000, 0x0000000800000000)
  eden space 1024K, 100% used [0x00000007aab00000,0x00000007aac00000,0x00000007aac00000)
  from space 512K, 56% used [0x00000007aac80000,0x00000007aacc8000,0x00000007aad00000)
  to   space 512K, 0% used [0x00000007aad00000,0x00000007aad00000,0x00000007aad80000)
 ParOldGen       total 262144K, used 261729K [0x0000000700000000, 0x0000000710000000, 0x00000007aab00000)
  object space 262144K, 99% used [0x0000000700000000,0x000000070ff98748,0x0000000710000000)
 Metaspace       used 82920K, committed 84608K, reserved 1179648K
  class space    used 8887K, committed 9664K, reserved 1048576K
}
Event: 956.428 GC heap after
{Heap after GC invocations=3366 (full 7):
 PSYoungGen      total 1536K, used 506K [0x00000007aab00000, 0x00000007aae00000, 0x0000000800000000)
  eden space 1024K, 0% used [0x00000007aab00000,0x00000007aab00000,0x00000007aac00000)
  from space 512K, 99% used [0x00000007aad00000,0x00000007aad7ebf8,0x00000007aad80000)
  to   space 1024K, 0% used [0x00000007aac00000,0x00000007aac00000,0x00000007aad00000)
 ParOldGen       total 262144K, used 262025K [0x0000000700000000, 0x0000000710000000, 0x00000007aab00000)
  object space 262144K, 99% used [0x0000000700000000,0x000000070ffe2748,0x0000000710000000)
 Metaspace       used 82920K, committed 84608K, reserved 1179648K
  class space    used 8887K, committed 9664K, reserved 1048576K
}
Event: 956.438 GC heap before
{Heap before GC invocations=3367 (full 7):
 PSYoungGen      total 1536K, used 1530K [0x00000007aab00000, 0x00000007aae00000, 0x0000000800000000)
  eden space 1024K, 100% used [0x00000007aab00000,0x00000007aac00000,0x00000007aac00000)
  from space 512K, 99% used [0x00000007aad00000,0x00000007aad7ebf8,0x00000007aad80000)
  to   space 1024K, 0% used [0x00000007aac00000,0x00000007aac00000,0x00000007aad00000)
 ParOldGen       total 262144K, used 262025K [0x0000000700000000, 0x0000000710000000, 0x00000007aab00000)
  object space 262144K, 99% used [0x0000000700000000,0x000000070ffe2748,0x0000000710000000)
 Metaspace       used 82920K, committed 84608K, reserved 1179648K
  class space    used 8887K, committed 9664K, reserved 1048576K
}
Event: 956.440 GC heap after
{Heap after GC invocations=3367 (full 7):
 PSYoungGen      total 2048K, used 544K [0x00000007aab00000, 0x00000007aae00000, 0x0000000800000000)
  eden space 1024K, 0% used [0x00000007aab00000,0x00000007aab00000,0x00000007aac00000)
  from space 1024K, 53% used [0x00000007aac00000,0x00000007aac883f8,0x00000007aad00000)
  to   space 1024K, 0% used [0x00000007aad00000,0x00000007aad00000,0x00000007aae00000)
 ParOldGen       total 262656K, used 262545K [0x0000000700000000, 0x0000000710080000, 0x00000007aab00000)
  object space 262656K, 99% used [0x0000000700000000,0x00000007100647b8,0x0000000710080000)
 Metaspace       used 82920K, committed 84608K, reserved 1179648K
  class space    used 8887K, committed 9664K, reserved 1048576K
}
Event: 956.453 GC heap before
{Heap before GC invocations=3368 (full 7):
 PSYoungGen      total 2048K, used 1568K [0x00000007aab00000, 0x00000007aae00000, 0x0000000800000000)
  eden space 1024K, 99% used [0x00000007aab00000,0x00000007aabfffe8,0x00000007aac00000)
  from space 1024K, 53% used [0x00000007aac00000,0x00000007aac883f8,0x00000007aad00000)
  to   space 1024K, 0% used [0x00000007aad00000,0x00000007aad00000,0x00000007aae00000)
 ParOldGen       total 262656K, used 262545K [0x0000000700000000, 0x0000000710080000, 0x00000007aab00000)
  object space 262656K, 99% used [0x0000000700000000,0x00000007100647b8,0x0000000710080000)
 Metaspace       used 82920K, committed 84608K, reserved 1179648K
  class space    used 8887K, committed 9664K, reserved 1048576K
}
Event: 956.454 GC heap after
{Heap after GC invocations=3368 (full 7):
 PSYoungGen      total 2048K, used 473K [0x00000007aab00000, 0x00000007aae00000, 0x0000000800000000)
  eden space 1024K, 0% used [0x00000007aab00000,0x00000007aab00000,0x00000007aac00000)
  from space 1024K, 46% used [0x00000007aad00000,0x00000007aad76620,0x00000007aae00000)
  to   space 1024K, 0% used [0x00000007aac00000,0x00000007aac00000,0x00000007aad00000)
 ParOldGen       total 263168K, used 262759K [0x0000000700000000, 0x0000000710100000, 0x00000007aab00000)
  object space 263168K, 99% used [0x0000000700000000,0x0000000710099dc0,0x0000000710100000)
 Metaspace       used 82920K, committed 84608K, reserved 1179648K
  class space    used 8887K, committed 9664K, reserved 1048576K
}
Event: 956.463 GC heap before
{Heap before GC invocations=3369 (full 7):
 PSYoungGen      total 2048K, used 1497K [0x00000007aab00000, 0x00000007aae00000, 0x0000000800000000)
  eden space 1024K, 100% used [0x00000007aab00000,0x00000007aac00000,0x00000007aac00000)
  from space 1024K, 46% used [0x00000007aad00000,0x00000007aad76620,0x00000007aae00000)
  to   space 1024K, 0% used [0x00000007aac00000,0x00000007aac00000,0x00000007aad00000)
 ParOldGen       total 263168K, used 262759K [0x0000000700000000, 0x0000000710100000, 0x00000007aab00000)
  object space 263168K, 99% used [0x0000000700000000,0x0000000710099dc0,0x0000000710100000)
 Metaspace       used 82920K, committed 84608K, reserved 1179648K
  class space    used 8887K, committed 9664K, reserved 1048576K
}
Event: 956.464 GC heap after
{Heap after GC invocations=3369 (full 7):
 PSYoungGen      total 2048K, used 890K [0x00000007aab00000, 0x00000007aae00000, 0x0000000800000000)
  eden space 1024K, 0% used [0x00000007aab00000,0x00000007aab00000,0x00000007aac00000)
  from space 1024K, 86% used [0x00000007aac00000,0x00000007aacdeaf8,0x00000007aad00000)
  to   space 1024K, 0% used [0x00000007aad00000,0x00000007aad00000,0x00000007aae00000)
 ParOldGen       total 263168K, used 262879K [0x0000000700000000, 0x0000000710100000, 0x00000007aab00000)
  object space 263168K, 99% used [0x0000000700000000,0x00000007100b7dc0,0x0000000710100000)
 Metaspace       used 82920K, committed 84608K, reserved 1179648K
  class space    used 8887K, committed 9664K, reserved 1048576K
}
Event: 956.474 GC heap before
{Heap before GC invocations=3370 (full 7):
 PSYoungGen      total 2048K, used 1914K [0x00000007aab00000, 0x00000007aae00000, 0x0000000800000000)
  eden space 1024K, 100% used [0x00000007aab00000,0x00000007aac00000,0x00000007aac00000)
  from space 1024K, 86% used [0x00000007aac00000,0x00000007aacdeaf8,0x00000007aad00000)
  to   space 1024K, 0% used [0x00000007aad00000,0x00000007aad00000,0x00000007aae00000)
 ParOldGen       total 263168K, used 262879K [0x0000000700000000, 0x0000000710100000, 0x00000007aab00000)
  object space 263168K, 99% used [0x0000000700000000,0x00000007100b7dc0,0x0000000710100000)
 Metaspace       used 82920K, committed 84608K, reserved 1179648K
  class space    used 8887K, committed 9664K, reserved 1048576K
}
Event: 956.475 GC heap after
{Heap after GC invocations=3370 (full 7):
 PSYoungGen      total 2048K, used 440K [0x00000007aab00000, 0x00000007aae00000, 0x0000000800000000)
  eden space 1024K, 0% used [0x00000007aab00000,0x00000007aab00000,0x00000007aac00000)
  from space 1024K, 43% used [0x00000007aad00000,0x00000007aad6e2b0,0x00000007aae00000)
  to   space 1024K, 0% used [0x00000007aac00000,0x00000007aac00000,0x00000007aad00000)
 ParOldGen       total 263168K, used 263034K [0x0000000700000000, 0x0000000710100000, 0x00000007aab00000)
  object space 263168K, 99% used [0x0000000700000000,0x00000007100de9c8,0x0000000710100000)
 Metaspace       used 82920K, committed 84608K, reserved 1179648K
  class space    used 8887K, committed 9664K, reserved 1048576K
}
Event: 956.489 GC heap before
{Heap before GC invocations=3371 (full 7):
 PSYoungGen      total 2048K, used 1464K [0x00000007aab00000, 0x00000007aae00000, 0x0000000800000000)
  eden space 1024K, 100% used [0x00000007aab00000,0x00000007aac00000,0x00000007aac00000)
  from space 1024K, 43% used [0x00000007aad00000,0x00000007aad6e2b0,0x00000007aae00000)
  to   space 1024K, 0% used [0x00000007aac00000,0x00000007aac00000,0x00000007aad00000)
 ParOldGen       total 263168K, used 263034K [0x0000000700000000, 0x0000000710100000, 0x00000007aab00000)
  object space 263168K, 99% used [0x0000000700000000,0x00000007100de9c8,0x0000000710100000)
 Metaspace       used 82920K, committed 84608K, reserved 1179648K
  class space    used 8887K, committed 9664K, reserved 1048576K
}
Event: 956.491 GC heap after
{Heap after GC invocations=3371 (full 7):
 PSYoungGen      total 2048K, used 512K [0x00000007aab00000, 0x00000007aae00000, 0x0000000800000000)
  eden space 1024K, 0% used [0x00000007aab00000,0x00000007aab00000,0x00000007aac00000)
  from space 1024K, 50% used [0x00000007aac00000,0x00000007aac80000,0x00000007aad00000)
  to   space 1024K, 0% used [0x00000007aad00000,0x00000007aad00000,0x00000007aae00000)
 ParOldGen       total 263680K, used 263210K [0x0000000700000000, 0x0000000710180000, 0x00000007aab00000)
  object space 263680K, 99% used [0x0000000700000000,0x000000071010a9c8,0x0000000710180000)
 Metaspace       used 82920K, committed 84608K, reserved 1179648K
  class space    used 8887K, committed 9664K, reserved 1048576K
}
Event: 956.501 GC heap before
{Heap before GC invocations=3372 (full 7):
 PSYoungGen      total 2048K, used 1536K [0x00000007aab00000, 0x00000007aae00000, 0x0000000800000000)
  eden space 1024K, 100% used [0x00000007aab00000,0x00000007aac00000,0x00000007aac00000)
  from space 1024K, 50% used [0x00000007aac00000,0x00000007aac80000,0x00000007aad00000)
  to   space 1024K, 0% used [0x00000007aad00000,0x00000007aad00000,0x00000007aae00000)
 ParOldGen       total 263680K, used 263210K [0x0000000700000000, 0x0000000710180000, 0x00000007aab00000)
  object space 263680K, 99% used [0x0000000700000000,0x000000071010a9c8,0x0000000710180000)
 Metaspace       used 82920K, committed 84608K, reserved 1179648K
  class space    used 8887K, committed 9664K, reserved 1048576K
}
Event: 956.502 GC heap after
{Heap after GC invocations=3372 (full 7):
 PSYoungGen      total 2048K, used 862K [0x00000007aab00000, 0x00000007aae00000, 0x0000000800000000)
  eden space 1024K, 0% used [0x00000007aab00000,0x00000007aab00000,0x00000007aac00000)
  from space 1024K, 84% used [0x00000007aad00000,0x00000007aadd7900,0x00000007aae00000)
  to   space 1024K, 0% used [0x00000007aac00000,0x00000007aac00000,0x00000007aad00000)
 ParOldGen       total 263680K, used 263486K [0x0000000700000000, 0x0000000710180000, 0x00000007aab00000)
  object space 263680K, 99% used [0x0000000700000000,0x000000071014fae8,0x0000000710180000)
 Metaspace       used 82920K, committed 84608K, reserved 1179648K
  class space    used 8887K, committed 9664K, reserved 1048576K
}
Event: 956.509 GC heap before
{Heap before GC invocations=3373 (full 7):
 PSYoungGen      total 2048K, used 1879K [0x00000007aab00000, 0x00000007aae00000, 0x0000000800000000)
  eden space 1024K, 99% used [0x00000007aab00000,0x00000007aabfe4d0,0x00000007aac00000)
  from space 1024K, 84% used [0x00000007aad00000,0x00000007aadd7900,0x00000007aae00000)
  to   space 1024K, 0% used [0x00000007aac00000,0x00000007aac00000,0x00000007aad00000)
 ParOldGen       total 263680K, used 263486K [0x0000000700000000, 0x0000000710180000, 0x00000007aab00000)
  object space 263680K, 99% used [0x0000000700000000,0x000000071014fae8,0x0000000710180000)
 Metaspace       used 82920K, committed 84608K, reserved 1179648K
  class space    used 8887K, committed 9664K, reserved 1048576K
}

