GC Precious Log:
 CardTable entry size: 512
 CPUs: 12 total, 12 available
 Memory: 16068M
 Large Page Support: Disabled
 NUMA Support: Disabled
 Compressed Oops: Enabled (Zero based)
 Alignments: Space 512K, Generation 512K, Heap 2M
 Heap Min Capacity: 100M
 Heap Initial Capacity: 100M
 Heap Max Capacity: 4G
 Pre-touch: Disabled
 Parallel Workers: 10
Heap:
 PSYoungGen      total 8704K, used 7168K [0x00000007aab00000, 0x00000007ab480000, 0x0000000800000000)
  eden space 7680K, 89% used [0x00000007aab00000,0x00000007ab1b6f68,0x00000007ab280000)
  from space 1024K, 40% used [0x00000007ab280000,0x00000007ab2e8000,0x00000007ab380000)
  to   space 512K, 0% used [0x00000007ab400000,0x00000007ab400000,0x00000007ab480000)
 ParOldGen       total 101888K, used 101634K [0x0000000700000000, 0x0000000706380000, 0x00000007aab00000)
  object space 101888K, 99% used [0x0000000700000000,0x0000000706340a58,0x0000000706380000)
 Metaspace       used 46680K, committed 47872K, reserved 1114112K
  class space    used 5003K, committed 5504K, reserved 1048576K
GC Heap History (20 events):
Event: 18.340 GC heap before
{Heap before GC invocations=130 (full 2):
 PSYoungGen      total 8704K, used 8160K [0x00000007aab00000, 0x00000007ab500000, 0x0000000800000000)
  eden space 7680K, 100% used [0x00000007aab00000,0x00000007ab280000,0x00000007ab280000)
  from space 1024K, 46% used [0x00000007ab300000,0x00000007ab378000,0x00000007ab400000)
  to   space 512K, 0% used [0x00000007ab480000,0x00000007ab480000,0x00000007ab500000)
 ParOldGen       total 95232K, used 95209K [0x0000000700000000, 0x0000000705d00000, 0x00000007aab00000)
  object space 95232K, 99% used [0x0000000700000000,0x0000000705cfa6c8,0x0000000705d00000)
 Metaspace       used 46179K, committed 47424K, reserved 1114112K
  class space    used 4932K, committed 5440K, reserved 1048576K
}
Event: 18.341 GC heap after
{Heap after GC invocations=130 (full 2):
 PSYoungGen      total 8192K, used 448K [0x00000007aab00000, 0x00000007ab500000, 0x0000000800000000)
  eden space 7680K, 0% used [0x00000007aab00000,0x00000007aab00000,0x00000007ab280000)
  from space 512K, 87% used [0x00000007ab480000,0x00000007ab4f0000,0x00000007ab500000)
  to   space 512K, 0% used [0x00000007ab400000,0x00000007ab400000,0x00000007ab480000)
 ParOldGen       total 95744K, used 95513K [0x0000000700000000, 0x0000000705d80000, 0x00000007aab00000)
  object space 95744K, 99% used [0x0000000700000000,0x0000000705d466c8,0x0000000705d80000)
 Metaspace       used 46179K, committed 47424K, reserved 1114112K
  class space    used 4932K, committed 5440K, reserved 1048576K
}
Event: 18.360 GC heap before
{Heap before GC invocations=131 (full 2):
 PSYoungGen      total 8192K, used 8128K [0x00000007aab00000, 0x00000007ab500000, 0x0000000800000000)
  eden space 7680K, 100% used [0x00000007aab00000,0x00000007ab280000,0x00000007ab280000)
  from space 512K, 87% used [0x00000007ab480000,0x00000007ab4f0000,0x00000007ab500000)
  to   space 512K, 0% used [0x00000007ab400000,0x00000007ab400000,0x00000007ab480000)
 ParOldGen       total 95744K, used 95513K [0x0000000700000000, 0x0000000705d80000, 0x00000007aab00000)
  object space 95744K, 99% used [0x0000000700000000,0x0000000705d466c8,0x0000000705d80000)
 Metaspace       used 46199K, committed 47424K, reserved 1114112K
  class space    used 4935K, committed 5440K, reserved 1048576K
}
Event: 18.362 GC heap after
{Heap after GC invocations=131 (full 2):
 PSYoungGen      total 8192K, used 416K [0x00000007aab00000, 0x00000007ab500000, 0x0000000800000000)
  eden space 7680K, 0% used [0x00000007aab00000,0x00000007aab00000,0x00000007ab280000)
  from space 512K, 81% used [0x00000007ab400000,0x00000007ab468000,0x00000007ab480000)
  to   space 512K, 0% used [0x00000007ab480000,0x00000007ab480000,0x00000007ab500000)
 ParOldGen       total 96256K, used 95817K [0x0000000700000000, 0x0000000705e00000, 0x00000007aab00000)
  object space 96256K, 99% used [0x0000000700000000,0x0000000705d926c8,0x0000000705e00000)
 Metaspace       used 46199K, committed 47424K, reserved 1114112K
  class space    used 4935K, committed 5440K, reserved 1048576K
}
Event: 18.389 GC heap before
{Heap before GC invocations=132 (full 2):
 PSYoungGen      total 8192K, used 8096K [0x00000007aab00000, 0x00000007ab500000, 0x0000000800000000)
  eden space 7680K, 100% used [0x00000007aab00000,0x00000007ab280000,0x00000007ab280000)
  from space 512K, 81% used [0x00000007ab400000,0x00000007ab468000,0x00000007ab480000)
  to   space 512K, 0% used [0x00000007ab480000,0x00000007ab480000,0x00000007ab500000)
 ParOldGen       total 96256K, used 95817K [0x0000000700000000, 0x0000000705e00000, 0x00000007aab00000)
  object space 96256K, 99% used [0x0000000700000000,0x0000000705d926c8,0x0000000705e00000)
 Metaspace       used 46229K, committed 47488K, reserved 1114112K
  class space    used 4941K, committed 5504K, reserved 1048576K
}
Event: 18.390 GC heap after
{Heap after GC invocations=132 (full 2):
 PSYoungGen      total 8192K, used 480K [0x00000007aab00000, 0x00000007ab500000, 0x0000000800000000)
  eden space 7680K, 0% used [0x00000007aab00000,0x00000007aab00000,0x00000007ab280000)
  from space 512K, 93% used [0x00000007ab480000,0x00000007ab4f8000,0x00000007ab500000)
  to   space 512K, 0% used [0x00000007ab400000,0x00000007ab400000,0x00000007ab480000)
 ParOldGen       total 96256K, used 96113K [0x0000000700000000, 0x0000000705e00000, 0x00000007aab00000)
  object space 96256K, 99% used [0x0000000700000000,0x0000000705ddc6c8,0x0000000705e00000)
 Metaspace       used 46229K, committed 47488K, reserved 1114112K
  class space    used 4941K, committed 5504K, reserved 1048576K
}
Event: 18.409 GC heap before
{Heap before GC invocations=133 (full 2):
 PSYoungGen      total 8192K, used 8160K [0x00000007aab00000, 0x00000007ab500000, 0x0000000800000000)
  eden space 7680K, 100% used [0x00000007aab00000,0x00000007ab280000,0x00000007ab280000)
  from space 512K, 93% used [0x00000007ab480000,0x00000007ab4f8000,0x00000007ab500000)
  to   space 512K, 0% used [0x00000007ab400000,0x00000007ab400000,0x00000007ab480000)
 ParOldGen       total 96256K, used 96113K [0x0000000700000000, 0x0000000705e00000, 0x00000007aab00000)
  object space 96256K, 99% used [0x0000000700000000,0x0000000705ddc6c8,0x0000000705e00000)
 Metaspace       used 46253K, committed 47552K, reserved 1114112K
  class space    used 4945K, committed 5504K, reserved 1048576K
}
Event: 18.411 GC heap after
{Heap after GC invocations=133 (full 2):
 PSYoungGen      total 8192K, used 503K [0x00000007aab00000, 0x00000007ab580000, 0x0000000800000000)
  eden space 7680K, 0% used [0x00000007aab00000,0x00000007aab00000,0x00000007ab280000)
  from space 512K, 98% used [0x00000007ab400000,0x00000007ab47dc58,0x00000007ab480000)
  to   space 1024K, 0% used [0x00000007ab480000,0x00000007ab480000,0x00000007ab580000)
 ParOldGen       total 97280K, used 96928K [0x0000000700000000, 0x0000000705f00000, 0x00000007aab00000)
  object space 97280K, 99% used [0x0000000700000000,0x0000000705ea8340,0x0000000705f00000)
 Metaspace       used 46253K, committed 47552K, reserved 1114112K
  class space    used 4945K, committed 5504K, reserved 1048576K
}
Event: 18.439 GC heap before
{Heap before GC invocations=134 (full 2):
 PSYoungGen      total 8192K, used 8183K [0x00000007aab00000, 0x00000007ab580000, 0x0000000800000000)
  eden space 7680K, 100% used [0x00000007aab00000,0x00000007ab280000,0x00000007ab280000)
  from space 512K, 98% used [0x00000007ab400000,0x00000007ab47dc58,0x00000007ab480000)
  to   space 1024K, 0% used [0x00000007ab480000,0x00000007ab480000,0x00000007ab580000)
 ParOldGen       total 97280K, used 96928K [0x0000000700000000, 0x0000000705f00000, 0x00000007aab00000)
  object space 97280K, 99% used [0x0000000700000000,0x0000000705ea8340,0x0000000705f00000)
 Metaspace       used 46285K, committed 47552K, reserved 1114112K
  class space    used 4949K, committed 5504K, reserved 1048576K
}
Event: 18.441 GC heap after
{Heap after GC invocations=134 (full 2):
 PSYoungGen      total 8704K, used 1024K [0x00000007aab00000, 0x00000007ab680000, 0x0000000800000000)
  eden space 7680K, 0% used [0x00000007aab00000,0x00000007aab00000,0x00000007ab280000)
  from space 1024K, 100% used [0x00000007ab480000,0x00000007ab580000,0x00000007ab580000)
  to   space 2048K, 0% used [0x00000007ab280000,0x00000007ab280000,0x00000007ab480000)
 ParOldGen       total 97792K, used 97531K [0x0000000700000000, 0x0000000705f80000, 0x00000007aab00000)
  object space 97792K, 99% used [0x0000000700000000,0x0000000705f3efa8,0x0000000705f80000)
 Metaspace       used 46285K, committed 47552K, reserved 1114112K
  class space    used 4949K, committed 5504K, reserved 1048576K
}
Event: 18.464 GC heap before
{Heap before GC invocations=135 (full 2):
 PSYoungGen      total 8704K, used 8704K [0x00000007aab00000, 0x00000007ab680000, 0x0000000800000000)
  eden space 7680K, 100% used [0x00000007aab00000,0x00000007ab280000,0x00000007ab280000)
  from space 1024K, 100% used [0x00000007ab480000,0x00000007ab580000,0x00000007ab580000)
  to   space 2048K, 0% used [0x00000007ab280000,0x00000007ab280000,0x00000007ab480000)
 ParOldGen       total 97792K, used 97531K [0x0000000700000000, 0x0000000705f80000, 0x00000007aab00000)
  object space 97792K, 99% used [0x0000000700000000,0x0000000705f3efa8,0x0000000705f80000)
 Metaspace       used 46335K, committed 47616K, reserved 1114112K
  class space    used 4954K, committed 5504K, reserved 1048576K
}
Event: 18.466 GC heap after
{Heap after GC invocations=135 (full 2):
 PSYoungGen      total 8192K, used 416K [0x00000007aab00000, 0x00000007ab500000, 0x0000000800000000)
  eden space 7680K, 0% used [0x00000007aab00000,0x00000007aab00000,0x00000007ab280000)
  from space 512K, 81% used [0x00000007ab280000,0x00000007ab2e8000,0x00000007ab300000)
  to   space 1024K, 0% used [0x00000007ab400000,0x00000007ab400000,0x00000007ab500000)
 ParOldGen       total 98816K, used 98587K [0x0000000700000000, 0x0000000706080000, 0x00000007aab00000)
  object space 98816K, 99% used [0x0000000700000000,0x0000000706046fa8,0x0000000706080000)
 Metaspace       used 46335K, committed 47616K, reserved 1114112K
  class space    used 4954K, committed 5504K, reserved 1048576K
}
Event: 18.505 GC heap before
{Heap before GC invocations=136 (full 2):
 PSYoungGen      total 8192K, used 8096K [0x00000007aab00000, 0x00000007ab500000, 0x0000000800000000)
  eden space 7680K, 100% used [0x00000007aab00000,0x00000007ab280000,0x00000007ab280000)
  from space 512K, 81% used [0x00000007ab280000,0x00000007ab2e8000,0x00000007ab300000)
  to   space 1024K, 0% used [0x00000007ab400000,0x00000007ab400000,0x00000007ab500000)
 ParOldGen       total 98816K, used 98587K [0x0000000700000000, 0x0000000706080000, 0x00000007aab00000)
  object space 98816K, 99% used [0x0000000700000000,0x0000000706046fa8,0x0000000706080000)
 Metaspace       used 46403K, committed 47680K, reserved 1114112K
  class space    used 4963K, committed 5504K, reserved 1048576K
}
Event: 18.507 GC heap after
{Heap after GC invocations=136 (full 2):
 PSYoungGen      total 8192K, used 512K [0x00000007aab00000, 0x00000007ab480000, 0x0000000800000000)
  eden space 7680K, 0% used [0x00000007aab00000,0x00000007aab00000,0x00000007ab280000)
  from space 512K, 100% used [0x00000007ab400000,0x00000007ab480000,0x00000007ab480000)
  to   space 1024K, 0% used [0x00000007ab280000,0x00000007ab280000,0x00000007ab380000)
 ParOldGen       total 99328K, used 98891K [0x0000000700000000, 0x0000000706100000, 0x00000007aab00000)
  object space 99328K, 99% used [0x0000000700000000,0x0000000706092fa8,0x0000000706100000)
 Metaspace       used 46403K, committed 47680K, reserved 1114112K
  class space    used 4963K, committed 5504K, reserved 1048576K
}
Event: 18.544 GC heap before
{Heap before GC invocations=137 (full 2):
 PSYoungGen      total 8192K, used 8192K [0x00000007aab00000, 0x00000007ab480000, 0x0000000800000000)
  eden space 7680K, 100% used [0x00000007aab00000,0x00000007ab280000,0x00000007ab280000)
  from space 512K, 100% used [0x00000007ab400000,0x00000007ab480000,0x00000007ab480000)
  to   space 1024K, 0% used [0x00000007ab280000,0x00000007ab280000,0x00000007ab380000)
 ParOldGen       total 99328K, used 98891K [0x0000000700000000, 0x0000000706100000, 0x00000007aab00000)
  object space 99328K, 99% used [0x0000000700000000,0x0000000706092fa8,0x0000000706100000)
 Metaspace       used 46437K, committed 47680K, reserved 1114112K
  class space    used 4969K, committed 5504K, reserved 1048576K
}
Event: 18.546 GC heap after
{Heap after GC invocations=137 (full 2):
 PSYoungGen      total 8704K, used 448K [0x00000007aab00000, 0x00000007ab480000, 0x0000000800000000)
  eden space 7680K, 0% used [0x00000007aab00000,0x00000007aab00000,0x00000007ab280000)
  from space 1024K, 43% used [0x00000007ab280000,0x00000007ab2f0000,0x00000007ab380000)
  to   space 512K, 0% used [0x00000007ab400000,0x00000007ab400000,0x00000007ab480000)
 ParOldGen       total 99328K, used 99187K [0x0000000700000000, 0x0000000706100000, 0x00000007aab00000)
  object space 99328K, 99% used [0x0000000700000000,0x00000007060dcfa8,0x0000000706100000)
 Metaspace       used 46437K, committed 47680K, reserved 1114112K
  class space    used 4969K, committed 5504K, reserved 1048576K
}
Event: 18.591 GC heap before
{Heap before GC invocations=138 (full 2):
 PSYoungGen      total 8704K, used 8029K [0x00000007aab00000, 0x00000007ab480000, 0x0000000800000000)
  eden space 7680K, 98% used [0x00000007aab00000,0x00000007ab2676e0,0x00000007ab280000)
  from space 1024K, 43% used [0x00000007ab280000,0x00000007ab2f0000,0x00000007ab380000)
  to   space 512K, 0% used [0x00000007ab400000,0x00000007ab400000,0x00000007ab480000)
 ParOldGen       total 99328K, used 99187K [0x0000000700000000, 0x0000000706100000, 0x00000007aab00000)
  object space 99328K, 99% used [0x0000000700000000,0x00000007060dcfa8,0x0000000706100000)
 Metaspace       used 46546K, committed 47744K, reserved 1114112K
  class space    used 4987K, committed 5504K, reserved 1048576K
}
Event: 18.593 GC heap after
{Heap after GC invocations=138 (full 2):
 PSYoungGen      total 8192K, used 496K [0x00000007aab00000, 0x00000007ab480000, 0x0000000800000000)
  eden space 7680K, 0% used [0x00000007aab00000,0x00000007aab00000,0x00000007ab280000)
  from space 512K, 96% used [0x00000007ab400000,0x00000007ab47c020,0x00000007ab480000)
  to   space 1024K, 0% used [0x00000007ab280000,0x00000007ab280000,0x00000007ab380000)
 ParOldGen       total 99840K, used 99467K [0x0000000700000000, 0x0000000706180000, 0x00000007aab00000)
  object space 99840K, 99% used [0x0000000700000000,0x0000000706122fa8,0x0000000706180000)
 Metaspace       used 46546K, committed 47744K, reserved 1114112K
  class space    used 4987K, committed 5504K, reserved 1048576K
}
Event: 19.605 GC heap before
{Heap before GC invocations=139 (full 2):
 PSYoungGen      total 8192K, used 8176K [0x00000007aab00000, 0x00000007ab480000, 0x0000000800000000)
  eden space 7680K, 100% used [0x00000007aab00000,0x00000007ab280000,0x00000007ab280000)
  from space 512K, 96% used [0x00000007ab400000,0x00000007ab47c020,0x00000007ab480000)
  to   space 1024K, 0% used [0x00000007ab280000,0x00000007ab280000,0x00000007ab380000)
 ParOldGen       total 99840K, used 99467K [0x0000000700000000, 0x0000000706180000, 0x00000007aab00000)
  object space 99840K, 99% used [0x0000000700000000,0x0000000706122fa8,0x0000000706180000)
 Metaspace       used 46587K, committed 47808K, reserved 1114112K
  class space    used 4991K, committed 5504K, reserved 1048576K
}
Event: 21.608 GC heap after
{Heap after GC invocations=139 (full 2):
 PSYoungGen      total 8704K, used 1014K [0x00000007aab00000, 0x00000007ab480000, 0x0000000800000000)
  eden space 7680K, 0% used [0x00000007aab00000,0x00000007aab00000,0x00000007ab280000)
  from space 1024K, 99% used [0x00000007ab280000,0x00000007ab37da90,0x00000007ab380000)
  to   space 512K, 0% used [0x00000007ab400000,0x00000007ab400000,0x00000007ab480000)
 ParOldGen       total 100864K, used 100395K [0x0000000700000000, 0x0000000706280000, 0x00000007aab00000)
  object space 100864K, 99% used [0x0000000700000000,0x000000070620afc8,0x0000000706280000)
 Metaspace       used 46587K, committed 47808K, reserved 1114112K
  class space    used 4991K, committed 5504K, reserved 1048576K
}

