# JRE version: OpenJDK Runtime Environment Temurin-21.0.11+10 (21.0.11+10) (build 21.0.11+10-LTS)
# Java VM: OpenJDK 64-Bit Server VM Temurin-21.0.11+10 (21.0.11+10-LTS, mixed mode, sharing, tiered, compressed oops, compressed class ptrs, parallel gc, windows-amd64)
GC Precious Log:
 CardTable entry size: 512
 CPUs: 12 total, 12 available
 Memory: 16068M
 Large Page Support: Disabled
 NUMA Support: Disabled
 Compressed Oops: Enabled (Zero based)
 Alignments: Space 512K, Generation 512K, Heap 2M
 Heap Min Capacity: 100M
 Heap Initial Capacity: 100M
 Heap Max Capacity: 4G
 Pre-touch: Disabled
 Parallel Workers: 10
Heap:
 PSYoungGen      total 15872K, used 3224K [0x00000007aab00000, 0x00000007abf80000, 0x0000000800000000)
  eden space 15360K, 18% used [0x00000007aab00000,0x00000007aadd6030,0x00000007aba00000)
  from space 512K, 62% used [0x00000007abf00000,0x00000007abf50000,0x00000007abf80000)
  to   space 512K, 0% used [0x00000007abe80000,0x00000007abe80000,0x00000007abf00000)
 ParOldGen       total 415232K, used 415212K [0x0000000700000000, 0x0000000719580000, 0x00000007aab00000)
  object space 415232K, 99% used [0x0000000700000000,0x000000071957b228,0x0000000719580000)
 Metaspace       used 86276K, committed 88000K, reserved 1179648K
  class space    used 9169K, committed 9984K, reserved 1048576K
GC Heap History (20 events):
Event: 317.675 GC heap before
{Heap before GC invocations=5939 (full 7):
 PSYoungGen      total 14848K, used 14823K [0x00000007aab00000, 0x00000007ac800000, 0x0000000800000000)
  eden space 12288K, 100% used [0x00000007aab00000,0x00000007ab700000,0x00000007ab700000)
  from space 2560K, 99% used [0x00000007abd80000,0x00000007abff9f20,0x00000007ac000000)
  to   space 6656K, 0% used [0x00000007ab700000,0x00000007ab700000,0x00000007abd80000)
 ParOldGen       total 392704K, used 392378K [0x0000000700000000, 0x0000000717f80000, 0x00000007aab00000)
  object space 392704K, 99% used [0x0000000700000000,0x0000000717f2ea48,0x0000000717f80000)
 Metaspace       used 85737K, committed 87488K, reserved 1179648K
  class space    used 9098K, committed 9920K, reserved 1048576K
}
Event: 317.678 GC heap after
{Heap after GC invocations=5939 (full 7):
 PSYoungGen      total 18944K, used 3275K [0x00000007aab00000, 0x00000007ac280000, 0x0000000800000000)
  eden space 12288K, 0% used [0x00000007aab00000,0x00000007aab00000,0x00000007ab700000)
  from space 6656K, 49% used [0x00000007ab700000,0x00000007aba32f08,0x00000007abd80000)
  to   space 4608K, 0% used [0x00000007abe00000,0x00000007abe00000,0x00000007ac280000)
 ParOldGen       total 394752K, used 394710K [0x0000000700000000, 0x0000000718180000, 0x00000007aab00000)
  object space 394752K, 99% used [0x0000000700000000,0x00000007181759e0,0x0000000718180000)
 Metaspace       used 85737K, committed 87488K, reserved 1179648K
  class space    used 9098K, committed 9920K, reserved 1048576K
}
Event: 317.718 GC heap before
{Heap before GC invocations=5940 (full 7):
 PSYoungGen      total 18944K, used 15563K [0x00000007aab00000, 0x00000007ac280000, 0x0000000800000000)
  eden space 12288K, 100% used [0x00000007aab00000,0x00000007ab700000,0x00000007ab700000)
  from space 6656K, 49% used [0x00000007ab700000,0x00000007aba32f08,0x00000007abd80000)
  to   space 4608K, 0% used [0x00000007abe00000,0x00000007abe00000,0x00000007ac280000)
 ParOldGen       total 394752K, used 394710K [0x0000000700000000, 0x0000000718180000, 0x00000007aab00000)
  object space 394752K, 99% used [0x0000000700000000,0x00000007181759e0,0x0000000718180000)
 Metaspace       used 85737K, committed 87488K, reserved 1179648K
  class space    used 9098K, committed 9920K, reserved 1048576K
}
Event: 317.722 GC heap after
{Heap after GC invocations=5940 (full 7):
 PSYoungGen      total 18944K, used 3909K [0x00000007aab00000, 0x00000007ac200000, 0x0000000800000000)
  eden space 14848K, 0% used [0x00000007aab00000,0x00000007aab00000,0x00000007ab980000)
  from space 4096K, 95% used [0x00000007abe00000,0x00000007ac1d16f0,0x00000007ac200000)
  to   space 4096K, 0% used [0x00000007aba00000,0x00000007aba00000,0x00000007abe00000)
 ParOldGen       total 397824K, used 397800K [0x0000000700000000, 0x0000000718480000, 0x00000007aab00000)
  object space 397824K, 99% used [0x0000000700000000,0x000000071847a2a8,0x0000000718480000)
 Metaspace       used 85737K, committed 87488K, reserved 1179648K
  class space    used 9098K, committed 9920K, reserved 1048576K
}
Event: 317.770 GC heap before
{Heap before GC invocations=5941 (full 7):
 PSYoungGen      total 18944K, used 18757K [0x00000007aab00000, 0x00000007ac200000, 0x0000000800000000)
  eden space 14848K, 100% used [0x00000007aab00000,0x00000007ab980000,0x00000007ab980000)
  from space 4096K, 95% used [0x00000007abe00000,0x00000007ac1d16f0,0x00000007ac200000)
  to   space 4096K, 0% used [0x00000007aba00000,0x00000007aba00000,0x00000007abe00000)
 ParOldGen       total 397824K, used 397800K [0x0000000700000000, 0x0000000718480000, 0x00000007aab00000)
  object space 397824K, 99% used [0x0000000700000000,0x000000071847a2a8,0x0000000718480000)
 Metaspace       used 85737K, committed 87488K, reserved 1179648K
  class space    used 9098K, committed 9920K, reserved 1048576K
}
Event: 317.774 GC heap after
{Heap after GC invocations=5941 (full 7):
 PSYoungGen      total 19456K, used 2386K [0x00000007aab00000, 0x00000007ac280000, 0x0000000800000000)
  eden space 15360K, 0% used [0x00000007aab00000,0x00000007aab00000,0x00000007aba00000)
  from space 4096K, 58% used [0x00000007aba00000,0x00000007abc54b58,0x00000007abe00000)
  to   space 3072K, 0% used [0x00000007abf80000,0x00000007abf80000,0x00000007ac280000)
 ParOldGen       total 401920K, used 401593K [0x0000000700000000, 0x0000000718880000, 0x00000007aab00000)
  object space 401920K, 99% used [0x0000000700000000,0x000000071882e650,0x0000000718880000)
 Metaspace       used 85737K, committed 87488K, reserved 1179648K
  class space    used 9098K, committed 9920K, reserved 1048576K
}
Event: 317.816 GC heap before
{Heap before GC invocations=5942 (full 7):
 PSYoungGen      total 19456K, used 17746K [0x00000007aab00000, 0x00000007ac280000, 0x0000000800000000)
  eden space 15360K, 100% used [0x00000007aab00000,0x00000007aba00000,0x00000007aba00000)
  from space 4096K, 58% used [0x00000007aba00000,0x00000007abc54b58,0x00000007abe00000)
  to   space 3072K, 0% used [0x00000007abf80000,0x00000007abf80000,0x00000007ac280000)
 ParOldGen       total 401920K, used 401593K [0x0000000700000000, 0x0000000718880000, 0x00000007aab00000)
  object space 401920K, 99% used [0x0000000700000000,0x000000071882e650,0x0000000718880000)
 Metaspace       used 85737K, committed 87488K, reserved 1179648K
  class space    used 9098K, committed 9920K, reserved 1048576K
}
Event: 317.819 GC heap after
{Heap after GC invocations=5942 (full 7):
 PSYoungGen      total 17408K, used 1891K [0x00000007aab00000, 0x00000007ac180000, 0x0000000800000000)
  eden space 15360K, 0% used [0x00000007aab00000,0x00000007aab00000,0x00000007aba00000)
  from space 2048K, 92% used [0x00000007abf80000,0x00000007ac158fa0,0x00000007ac180000)
  to   space 2560K, 0% used [0x00000007abc80000,0x00000007abc80000,0x00000007abf00000)
 ParOldGen       total 403968K, used 403930K [0x0000000700000000, 0x0000000718a80000, 0x00000007aab00000)
  object space 403968K, 99% used [0x0000000700000000,0x0000000718a76868,0x0000000718a80000)
 Metaspace       used 85737K, committed 87488K, reserved 1179648K
  class space    used 9098K, committed 9920K, reserved 1048576K
}
Event: 317.861 GC heap before
{Heap before GC invocations=5943 (full 7):
 PSYoungGen      total 17408K, used 17251K [0x00000007aab00000, 0x00000007ac180000, 0x0000000800000000)
  eden space 15360K, 100% used [0x00000007aab00000,0x00000007aba00000,0x00000007aba00000)
  from space 2048K, 92% used [0x00000007abf80000,0x00000007ac158fa0,0x00000007ac180000)
  to   space 2560K, 0% used [0x00000007abc80000,0x00000007abc80000,0x00000007abf00000)
 ParOldGen       total 403968K, used 403930K [0x0000000700000000, 0x0000000718a80000, 0x00000007aab00000)
  object space 403968K, 99% used [0x0000000700000000,0x0000000718a76868,0x0000000718a80000)
 Metaspace       used 85737K, committed 87488K, reserved 1179648K
  class space    used 9098K, committed 9920K, reserved 1048576K
}
Event: 317.864 GC heap after
{Heap after GC invocations=5943 (full 7):
 PSYoungGen      total 17920K, used 2540K [0x00000007aab00000, 0x00000007ac700000, 0x0000000800000000)
  eden space 15360K, 0% used [0x00000007aab00000,0x00000007aab00000,0x00000007aba00000)
  from space 2560K, 99% used [0x00000007abc80000,0x00000007abefb0d0,0x00000007abf00000)
  to   space 6656K, 0% used [0x00000007ac080000,0x00000007ac080000,0x00000007ac700000)
 ParOldGen       total 407552K, used 407221K [0x0000000700000000, 0x0000000718e00000, 0x00000007aab00000)
  object space 407552K, 99% used [0x0000000700000000,0x0000000718dad6d8,0x0000000718e00000)
 Metaspace       used 85737K, committed 87488K, reserved 1179648K
  class space    used 9098K, committed 9920K, reserved 1048576K
}
Event: 317.894 GC heap before
{Heap before GC invocations=5944 (full 7):
 PSYoungGen      total 17920K, used 17900K [0x00000007aab00000, 0x00000007ac700000, 0x0000000800000000)
  eden space 15360K, 100% used [0x00000007aab00000,0x00000007aba00000,0x00000007aba00000)
  from space 2560K, 99% used [0x00000007abc80000,0x00000007abefb0d0,0x00000007abf00000)
  to   space 6656K, 0% used [0x00000007ac080000,0x00000007ac080000,0x00000007ac700000)
 ParOldGen       total 407552K, used 407221K [0x0000000700000000, 0x0000000718e00000, 0x00000007aab00000)
  object space 407552K, 99% used [0x0000000700000000,0x0000000718dad6d8,0x0000000718e00000)
 Metaspace       used 85737K, committed 87488K, reserved 1179648K
  class space    used 9098K, committed 9920K, reserved 1048576K
}
Event: 317.898 GC heap after
{Heap after GC invocations=5944 (full 7):
 PSYoungGen      total 16384K, used 896K [0x00000007aab00000, 0x00000007ac180000, 0x0000000800000000)
  eden space 15360K, 0% used [0x00000007aab00000,0x00000007aab00000,0x00000007aba00000)
  from space 1024K, 87% used [0x00000007ac080000,0x00000007ac160000,0x00000007ac180000)
  to   space 3072K, 0% used [0x00000007abb80000,0x00000007abb80000,0x00000007abe80000)
 ParOldGen       total 410112K, used 409826K [0x0000000700000000, 0x0000000719080000, 0x00000007aab00000)
  object space 410112K, 99% used [0x0000000700000000,0x0000000719038ab0,0x0000000719080000)
 Metaspace       used 85737K, committed 87488K, reserved 1179648K
  class space    used 9098K, committed 9920K, reserved 1048576K
}
Event: 318.008 GC heap before
{Heap before GC invocations=5945 (full 7):
 PSYoungGen      total 16384K, used 16256K [0x00000007aab00000, 0x00000007ac180000, 0x0000000800000000)
  eden space 15360K, 100% used [0x00000007aab00000,0x00000007aba00000,0x00000007aba00000)
  from space 1024K, 87% used [0x00000007ac080000,0x00000007ac160000,0x00000007ac180000)
  to   space 3072K, 0% used [0x00000007abb80000,0x00000007abb80000,0x00000007abe80000)
 ParOldGen       total 410112K, used 409826K [0x0000000700000000, 0x0000000719080000, 0x00000007aab00000)
  object space 410112K, 99% used [0x0000000700000000,0x0000000719038ab0,0x0000000719080000)
 Metaspace       used 85737K, committed 87488K, reserved 1179648K
  class space    used 9098K, committed 9920K, reserved 1048576K
}
Event: 318.011 GC heap after
{Heap after GC invocations=5945 (full 7):
 PSYoungGen      total 18432K, used 3068K [0x00000007aab00000, 0x00000007ac500000, 0x0000000800000000)
  eden space 15360K, 0% used [0x00000007aab00000,0x00000007aab00000,0x00000007aba00000)
  from space 3072K, 99% used [0x00000007abb80000,0x00000007abe7f300,0x00000007abe80000)
  to   space 5632K, 0% used [0x00000007abf80000,0x00000007abf80000,0x00000007ac500000)
 ParOldGen       total 411648K, used 411365K [0x0000000700000000, 0x0000000719200000, 0x00000007aab00000)
  object space 411648K, 99% used [0x0000000700000000,0x00000007191b9590,0x0000000719200000)
 Metaspace       used 85737K, committed 87488K, reserved 1179648K
  class space    used 9098K, committed 9920K, reserved 1048576K
}
Event: 351.709 GC heap before
{Heap before GC invocations=5946 (full 7):
 PSYoungGen      total 18432K, used 18428K [0x00000007aab00000, 0x00000007ac500000, 0x0000000800000000)
  eden space 15360K, 99% used [0x00000007aab00000,0x00000007ab9ffe48,0x00000007aba00000)
  from space 3072K, 99% used [0x00000007abb80000,0x00000007abe7f300,0x00000007abe80000)
  to   space 5632K, 0% used [0x00000007abf80000,0x00000007abf80000,0x00000007ac500000)
 ParOldGen       total 411648K, used 411365K [0x0000000700000000, 0x0000000719200000, 0x00000007aab00000)
  object space 411648K, 99% used [0x0000000700000000,0x00000007191b9590,0x0000000719200000)
 Metaspace       used 86230K, committed 88000K, reserved 1179648K
  class space    used 9167K, committed 9984K, reserved 1048576K
}
Event: 351.713 GC heap after
{Heap after GC invocations=5946 (full 7):
 PSYoungGen      total 16384K, used 995K [0x00000007aab00000, 0x00000007ac080000, 0x0000000800000000)
  eden space 15360K, 0% used [0x00000007aab00000,0x00000007aab00000,0x00000007aba00000)
  from space 1024K, 97% used [0x00000007abf80000,0x00000007ac078e48,0x00000007ac080000)
  to   space 2560K, 0% used [0x00000007abb80000,0x00000007abb80000,0x00000007abe00000)
 ParOldGen       total 414720K, used 414399K [0x0000000700000000, 0x0000000719500000, 0x00000007aab00000)
  object space 414720K, 99% used [0x0000000700000000,0x00000007194afe08,0x0000000719500000)
 Metaspace       used 86230K, committed 88000K, reserved 1179648K
  class space    used 9167K, committed 9984K, reserved 1048576K
}
Event: 393.369 GC heap before
{Heap before GC invocations=5947 (full 7):
 PSYoungGen      total 16384K, used 16355K [0x00000007aab00000, 0x00000007ac080000, 0x0000000800000000)
  eden space 15360K, 100% used [0x00000007aab00000,0x00000007aba00000,0x00000007aba00000)
  from space 1024K, 97% used [0x00000007abf80000,0x00000007ac078e48,0x00000007ac080000)
  to   space 2560K, 0% used [0x00000007abb80000,0x00000007abb80000,0x00000007abe00000)
 ParOldGen       total 414720K, used 414399K [0x0000000700000000, 0x0000000719500000, 0x00000007aab00000)
  object space 414720K, 99% used [0x0000000700000000,0x00000007194afe08,0x0000000719500000)
 Metaspace       used 86250K, committed 88000K, reserved 1179648K
  class space    used 9167K, committed 9984K, reserved 1048576K
}
Event: 393.372 GC heap after
{Heap after GC invocations=5947 (full 7):
 PSYoungGen      total 17920K, used 288K [0x00000007aab00000, 0x00000007ac000000, 0x0000000800000000)
  eden space 15360K, 0% used [0x00000007aab00000,0x00000007aab00000,0x00000007aba00000)
  from space 2560K, 11% used [0x00000007abb80000,0x00000007abbc8000,0x00000007abe00000)
  to   space 1024K, 0% used [0x00000007abf00000,0x00000007abf00000,0x00000007ac000000)
 ParOldGen       total 415232K, used 415164K [0x0000000700000000, 0x0000000719580000, 0x00000007aab00000)
  object space 415232K, 99% used [0x0000000700000000,0x000000071956f228,0x0000000719580000)
 Metaspace       used 86250K, committed 88000K, reserved 1179648K
  class space    used 9167K, committed 9984K, reserved 1048576K
}
Event: 399.081 GC heap before
{Heap before GC invocations=5948 (full 7):
 PSYoungGen      total 17920K, used 15648K [0x00000007aab00000, 0x00000007ac000000, 0x0000000800000000)
  eden space 15360K, 100% used [0x00000007aab00000,0x00000007aba00000,0x00000007aba00000)
  from space 2560K, 11% used [0x00000007abb80000,0x00000007abbc8000,0x00000007abe00000)
  to   space 1024K, 0% used [0x00000007abf00000,0x00000007abf00000,0x00000007ac000000)
 ParOldGen       total 415232K, used 415164K [0x0000000700000000, 0x0000000719580000, 0x00000007aab00000)
  object space 415232K, 99% used [0x0000000700000000,0x000000071956f228,0x0000000719580000)
 Metaspace       used 86276K, committed 88000K, reserved 1179648K
  class space    used 9169K, committed 9984K, reserved 1048576K
}
Event: 399.083 GC heap after
{Heap after GC invocations=5948 (full 7):
 PSYoungGen      total 15872K, used 320K [0x00000007aab00000, 0x00000007abf80000, 0x0000000800000000)
  eden space 15360K, 0% used [0x00000007aab00000,0x00000007aab00000,0x00000007aba00000)
  from space 512K, 62% used [0x00000007abf00000,0x00000007abf50000,0x00000007abf80000)
  to   space 512K, 0% used [0x00000007abe80000,0x00000007abe80000,0x00000007abf00000)
 ParOldGen       total 415232K, used 415212K [0x0000000700000000, 0x0000000719580000, 0x00000007aab00000)
  object space 415232K, 99% used [0x0000000700000000,0x000000071957b228,0x0000000719580000)
 Metaspace       used 86276K, committed 88000K, reserved 1179648K
  class space    used 9169K, committed 9984K, reserved 1048576K
}

